2026.04.23 22:26:21 INFO  Started: Metals version 1.6.7 in folders '/home/alejo/Desktop/SCALAPARK/ScalaAPI' for client Visual Studio Code 1.116.0.[0m
2026.04.23 22:26:21 INFO  Memory monitor started[0m
2026.04.23 22:26:22 WARN  Using H2 2.4.240 which is newer than the version Flyway has been verified with. The latest verified version of H2 is 2.3.232.[0m
2026.04.23 22:26:36 INFO  no build target found for /home/alejo/Desktop/SCALAPARK/ScalaAPI/app/Module.scala. Using presentation compiler with project's scala-library version: 3.3.7[0m
2026.04.23 22:26:36 WARN  no build target for: /home/alejo/Desktop/SCALAPARK/ScalaAPI/app/Module.scala[0m
2026.04.23 22:26:36 INFO  no build target found for /home/alejo/Desktop/SCALAPARK/ScalaAPI/app/Module.scala. Using presentation compiler with project's scala-library version: 3.3.7[0m
Apr 23, 2026 10:26:37 PM org.eclipse.lsp4j.jsonrpc.RemoteEndpoint handleCancellation
WARNING: Unmatched cancel notification for request id 1
2026.04.23 22:26:36 INFO  no build target found for /home/alejo/Desktop/SCALAPARK/ScalaAPI/app/Module.scala. Using presentation compiler with project's scala-library version: 3.3.7[0m
2026.04.23 22:26:36 INFO  no build target found for /home/alejo/Desktop/SCALAPARK/ScalaAPI/app/Module.scala. Using presentation compiler with project's scala-library version: 3.3.7[0m
2026.04.23 22:26:36 INFO  no build target found for /home/alejo/Desktop/SCALAPARK/ScalaAPI/app/Module.scala. Using presentation compiler with project's scala-library version: 3.3.7[0m
Apr 23, 2026 10:26:37 PM org.eclipse.lsp4j.jsonrpc.RemoteEndpoint handleCancellation
WARNING: Unmatched cancel notification for request id 4
2026.04.23 22:26:38 INFO  no build target found for /home/alejo/Desktop/SCALAPARK/ScalaAPI/app/Module.scala. Using presentation compiler with project's scala-library version: 3.3.7[0m
2026.04.23 22:26:38 INFO  no build target found for /home/alejo/Desktop/SCALAPARK/ScalaAPI/app/models/DashboardModels.scala. Using presentation compiler with project's scala-library version: 3.3.7[0m
2026.04.23 22:26:38 INFO  no build target found for /home/alejo/Desktop/SCALAPARK/ScalaAPI/app/models/DashboardModels.scala. Using presentation compiler with project's scala-library version: 3.3.7[0m
2026.04.23 22:26:38 WARN  no build target for: /home/alejo/Desktop/SCALAPARK/ScalaAPI/app/models/DashboardModels.scala[0m
2026.04.23 22:26:38 INFO  time: code lens generation in 1.22s[0m
2026.04.23 22:26:38 INFO  no build target found for /home/alejo/Desktop/SCALAPARK/ScalaAPI/app/models/DashboardModels.scala. Using presentation compiler with project's scala-library version: 3.3.7[0m
Apr 23, 2026 10:26:38 PM org.eclipse.lsp4j.jsonrpc.RemoteEndpoint handleCancellation
WARNING: Unmatched cancel notification for request id 10
2026.04.23 22:26:48 INFO  no build target found for /home/alejo/Desktop/SCALAPARK/ScalaAPI/app/models/DashboardModels.scala. Using presentation compiler with project's scala-library version: 3.3.7[0m
2026.04.23 22:26:48 INFO  no build target found for /home/alejo/Desktop/SCALAPARK/ScalaAPI/app/controllers/HealthController.scala. Using presentation compiler with project's scala-library version: 3.3.7[0m
2026.04.23 22:26:48 INFO  no build target found for /home/alejo/Desktop/SCALAPARK/ScalaAPI/app/controllers/HealthController.scala. Using presentation compiler with project's scala-library version: 3.3.7[0m
2026.04.23 22:26:48 WARN  no build target for: /home/alejo/Desktop/SCALAPARK/ScalaAPI/app/controllers/HealthController.scala[0m
2026.04.23 22:26:48 INFO  no build target found for /home/alejo/Desktop/SCALAPARK/ScalaAPI/app/controllers/HealthController.scala. Using presentation compiler with project's scala-library version: 3.3.7[0m
2026.04.23 22:26:51 INFO  no build target found for /home/alejo/Desktop/SCALAPARK/ScalaAPI/app/controllers/HealthController.scala. Using presentation compiler with project's scala-library version: 3.3.7[0m
2026.04.23 22:26:51 WARN  no build target for: /home/alejo/Desktop/SCALAPARK/ScalaAPI/app/controllers/DashboardController.scala[0m
2026.04.23 22:26:51 INFO  no build target found for /home/alejo/Desktop/SCALAPARK/ScalaAPI/app/controllers/DashboardController.scala. Using presentation compiler with project's scala-library version: 3.3.7[0m
2026.04.23 22:26:51 INFO  no build target found for /home/alejo/Desktop/SCALAPARK/ScalaAPI/app/controllers/DashboardController.scala. Using presentation compiler with project's scala-library version: 3.3.7[0m
Apr 23, 2026 10:26:52 PM org.eclipse.lsp4j.jsonrpc.RemoteEndpoint handleCancellation
WARNING: Unmatched cancel notification for request id 31
2026.04.23 22:26:51 INFO  no build target found for /home/alejo/Desktop/SCALAPARK/ScalaAPI/app/controllers/DashboardController.scala. Using presentation compiler with project's scala-library version: 3.3.7[0m
2026.04.23 22:27:02 INFO  no build target found for /home/alejo/Desktop/SCALAPARK/ScalaAPI/app/controllers/DashboardController.scala. Using presentation compiler with project's scala-library version: 3.3.7[0m
2026.04.23 22:27:33 INFO  no build target found for /home/alejo/Desktop/SCALAPARK/ScalaAPI/app/models/DashboardModels.scala. Using presentation compiler with project's scala-library version: 3.3.7[0m
2026.04.23 22:27:33 WARN  no build target for: /home/alejo/Desktop/SCALAPARK/ScalaAPI/app/models/DashboardModels.scala[0m
2026.04.23 22:27:33 INFO  no build target found for /home/alejo/Desktop/SCALAPARK/ScalaAPI/app/models/DashboardModels.scala. Using presentation compiler with project's scala-library version: 3.3.7[0m
2026.04.23 22:27:33 INFO  no build target found for /home/alejo/Desktop/SCALAPARK/ScalaAPI/app/models/DashboardModels.scala. Using presentation compiler with project's scala-library version: 3.3.7[0m
2026.04.23 22:28:00 INFO  Shutting down server[0m
2026.04.23 22:28:00 INFO  Memory monitor stopped[0m
2026.04.23 22:28:00 INFO  shutting down Metals[0m
2026.04.23 22:28:00 INFO  Exiting server[0m
2026.04.23 22:30:18 INFO  Started: Metals version 1.6.7 in folders '/home/alejo/Desktop/SCALAPARK/ScalaAPI' for client Visual Studio Code 1.116.0.[0m
2026.04.23 22:30:18 INFO  Memory monitor started[0m
2026.04.23 22:30:18 WARN  Using H2 2.4.240 which is newer than the version Flyway has been verified with. The latest verified version of H2 is 2.3.232.[0m
2026.04.23 22:31:02 INFO  no build target found for /home/alejo/Desktop/SCALAPARK/ScalaAPI/app/models/DashboardModels.scala. Using presentation compiler with project's scala-library version: 3.3.7[0m
2026.04.23 22:39:08 INFO  no build target found for /home/alejo/Desktop/SCALAPARK/ScalaAPI/app/models/DashboardModels.scala. Using presentation compiler with project's scala-library version: 3.3.7[0m
2026.04.23 22:39:08 INFO  no build target found for /home/alejo/Desktop/SCALAPARK/ScalaAPI/app/models/DashboardModels.scala. Using presentation compiler with project's scala-library version: 3.3.7[0m
2026.04.23 22:48:49 INFO  Shutting down server[0m
2026.04.23 22:48:49 INFO  Memory monitor stopped[0m
2026.04.23 22:48:49 INFO  shutting down Metals[0m
2026.04.23 22:48:50 INFO  Exiting server[0m
2026.04.23 22:48:50 ERROR Unexpected error initializing server: 
org.eclipse.lsp4j.jsonrpc.ResponseErrorException: Request window/showMessageRequest failed with message: Canceled
	at org.eclipse.lsp4j.jsonrpc.RemoteEndpoint.handleResponse(RemoteEndpoint.java:214)
	at org.eclipse.lsp4j.jsonrpc.RemoteEndpoint.consume(RemoteEndpoint.java:198)
	at org.eclipse.lsp4j.jsonrpc.json.StreamMessageProducer.handleMessage(StreamMessageProducer.java:189)
	at org.eclipse.lsp4j.jsonrpc.json.StreamMessageProducer.listen(StreamMessageProducer.java:97)
	at org.eclipse.lsp4j.jsonrpc.json.ConcurrentMessageProcessor.run(ConcurrentMessageProcessor.java:97)
	at java.util.concurrent.Executors$RunnableAdapter.call(Executors.java:545)
	at java.util.concurrent.FutureTask.run(FutureTask.java:328)
	at java.util.concurrent.ThreadPoolExecutor.runWorker(ThreadPoolExecutor.java:1090)
	at java.util.concurrent.ThreadPoolExecutor$Worker.run(ThreadPoolExecutor.java:614)
	at java.lang.Thread.run(Thread.java:1474)
[0m
