2026.04.24 19:49:38 INFO  Started: Metals version 1.6.7 in folders '/home/alejo/Desktop/PDFS/SCALAPARK' for client Visual Studio Code 1.116.0.[0m
2026.04.24 19:49:38 INFO  Memory monitor started[0m
2026.04.24 19:49:39 WARN  Using H2 2.4.240 which is newer than the version Flyway has been verified with. The latest verified version of H2 is 2.3.232.[0m
2026.04.24 19:52:23 INFO  no build target found for /home/alejo/Desktop/PDFS/SCALAPARK/ScalaAPI/app/services/DashboardKafkaBridge.scala. Using presentation compiler with project's scala-library version: 3.3.7[0m
2026.04.24 19:52:25 INFO  no build target found for /home/alejo/Desktop/PDFS/SCALAPARK/ScalaAPI/app/services/DashboardKafkaBridge.scala. Using presentation compiler with project's scala-library version: 3.3.7[0m
Apr 24, 2026 7:52:25 PM org.eclipse.lsp4j.jsonrpc.RemoteEndpoint handleCancellation
WARNING: Unmatched cancel notification for request id 1
2026.04.24 19:57:16 INFO  no build target found for /home/alejo/Desktop/PDFS/SCALAPARK/ScalaAPI/app/services/DashboardKafkaBridge.scala. Using presentation compiler with project's scala-library version: 3.3.7[0m
2026.04.24 20:01:32 INFO  no build target found for /home/alejo/Desktop/PDFS/SCALAPARK/ScalaBatch/app/config/BatchConfig.scala. Using presentation compiler with project's scala-library version: 3.3.7[0m
2026.04.24 20:01:32 INFO  no build target found for /home/alejo/Desktop/PDFS/SCALAPARK/ScalaBatch/app/config/BatchConfig.scala. Using presentation compiler with project's scala-library version: 3.3.7[0m
Apr 24, 2026 8:01:33 PM org.eclipse.lsp4j.jsonrpc.RemoteEndpoint handleCancellation
WARNING: Unmatched cancel notification for request id 9
2026.04.24 20:01:32 INFO  no build target found for /home/alejo/Desktop/PDFS/SCALAPARK/ScalaBatch/app/config/BatchConfig.scala. Using presentation compiler with project's scala-library version: 3.3.7[0m
2026.04.24 20:01:32 INFO  no build target found for /home/alejo/Desktop/PDFS/SCALAPARK/ScalaBatch/app/config/KafkaConsumerClient.scala. Using presentation compiler with project's scala-library version: 3.3.7[0m
2026.04.24 20:01:32 INFO  no build target found for /home/alejo/Desktop/PDFS/SCALAPARK/ScalaBatch/app/config/KafkaConsumerClient.scala. Using presentation compiler with project's scala-library version: 3.3.7[0m
Apr 24, 2026 8:01:33 PM org.eclipse.lsp4j.jsonrpc.RemoteEndpoint handleCancellation
WARNING: Unmatched cancel notification for request id 16
2026.04.24 20:01:35 INFO  no build target found for /home/alejo/Desktop/PDFS/SCALAPARK/ScalaBatch/app/config/KafkaConsumerClient.scala. Using presentation compiler with project's scala-library version: 3.3.7[0m
2026.04.24 20:01:35 INFO  no build target found for /home/alejo/Desktop/PDFS/SCALAPARK/ScalaBatch/app/config/KafkaJsonProducer.scala. Using presentation compiler with project's scala-library version: 3.3.7[0m
2026.04.24 20:01:35 INFO  no build target found for /home/alejo/Desktop/PDFS/SCALAPARK/ScalaBatch/app/config/KafkaJsonProducer.scala. Using presentation compiler with project's scala-library version: 3.3.7[0m
2026.04.24 20:01:37 INFO  no build target found for /home/alejo/Desktop/PDFS/SCALAPARK/ScalaBatch/app/config/KafkaJsonProducer.scala. Using presentation compiler with project's scala-library version: 3.3.7[0m
2026.04.24 20:01:37 INFO  no build target found for /home/alejo/Desktop/PDFS/SCALAPARK/ScalaBatch/app/models/Order.scala. Using presentation compiler with project's scala-library version: 3.3.7[0m
2026.04.24 20:01:37 INFO  no build target found for /home/alejo/Desktop/PDFS/SCALAPARK/ScalaBatch/app/models/Order.scala. Using presentation compiler with project's scala-library version: 3.3.7[0m
2026.04.24 20:01:41 INFO  no build target found for /home/alejo/Desktop/PDFS/SCALAPARK/ScalaBatch/app/models/Order.scala. Using presentation compiler with project's scala-library version: 3.3.7[0m
2026.04.24 20:01:41 INFO  no build target found for /home/alejo/Desktop/PDFS/SCALAPARK/ScalaBatch/app/models/ValidatedOrderEnvelope.scala. Using presentation compiler with project's scala-library version: 3.3.7[0m
2026.04.24 20:01:41 INFO  no build target found for /home/alejo/Desktop/PDFS/SCALAPARK/ScalaBatch/app/models/ValidatedOrderEnvelope.scala. Using presentation compiler with project's scala-library version: 3.3.7[0m
2026.04.24 20:01:42 INFO  no build target found for /home/alejo/Desktop/PDFS/SCALAPARK/ScalaBatch/app/models/ValidatedOrderEnvelope.scala. Using presentation compiler with project's scala-library version: 3.3.7[0m
2026.04.24 20:01:42 INFO  no build target found for /home/alejo/Desktop/PDFS/SCALAPARK/ScalaBatch/app/models/Order.scala. Using presentation compiler with project's scala-library version: 3.3.7[0m
2026.04.24 20:01:42 INFO  no build target found for /home/alejo/Desktop/PDFS/SCALAPARK/ScalaBatch/app/models/Order.scala. Using presentation compiler with project's scala-library version: 3.3.7[0m
2026.04.24 20:01:45 INFO  no build target found for /home/alejo/Desktop/PDFS/SCALAPARK/ScalaBatch/app/models/Order.scala. Using presentation compiler with project's scala-library version: 3.3.7[0m
2026.04.24 20:01:45 INFO  no build target found for /home/alejo/Desktop/PDFS/SCALAPARK/ScalaBatch/app/repository/BatchOrderRepository.scala. Using presentation compiler with project's scala-library version: 3.3.7[0m
2026.04.24 20:01:45 INFO  no build target found for /home/alejo/Desktop/PDFS/SCALAPARK/ScalaBatch/app/repository/BatchOrderRepository.scala. Using presentation compiler with project's scala-library version: 3.3.7[0m
Apr 24, 2026 8:01:46 PM org.eclipse.lsp4j.jsonrpc.RemoteEndpoint handleCancellation
WARNING: Unmatched cancel notification for request id 51
2026.04.24 20:01:53 INFO  no build target found for /home/alejo/Desktop/PDFS/SCALAPARK/ScalaBatch/app/repository/BatchOrderRepository.scala. Using presentation compiler with project's scala-library version: 3.3.7[0m
2026.04.24 20:01:53 INFO  no build target found for /home/alejo/Desktop/PDFS/SCALAPARK/ScalaBatch/app/repository/BatchOrderRepository.scala. Using presentation compiler with project's scala-library version: 3.3.7[0m
2026.04.24 20:01:53 INFO  no build target found for /home/alejo/Desktop/PDFS/SCALAPARK/ScalaBatch/app/repository/BatchOrderRepository.scala. Using presentation compiler with project's scala-library version: 3.3.7[0m
2026.04.24 20:01:53 INFO  no build target found for /home/alejo/Desktop/PDFS/SCALAPARK/ScalaBatch/app/repository/BatchOrderRepository.scala. Using presentation compiler with project's scala-library version: 3.3.7[0m
2026.04.24 20:02:07 INFO  no build target found for /home/alejo/Desktop/PDFS/SCALAPARK/ScalaBatch/app/repository/BatchOrderRepository.scala. Using presentation compiler with project's scala-library version: 3.3.7[0m
2026.04.24 20:02:07 INFO  no build target found for /home/alejo/Desktop/PDFS/SCALAPARK/ScalaBatch/app/MainBatchApp.scala. Using presentation compiler with project's scala-library version: 3.3.7[0m
2026.04.24 20:02:07 INFO  no build target found for /home/alejo/Desktop/PDFS/SCALAPARK/ScalaBatch/app/MainBatchApp.scala. Using presentation compiler with project's scala-library version: 3.3.7[0m
Apr 24, 2026 8:02:07 PM org.eclipse.lsp4j.jsonrpc.RemoteEndpoint handleCancellation
WARNING: Unmatched cancel notification for request id 92
2026.04.24 20:02:07 INFO  no build target found for /home/alejo/Desktop/PDFS/SCALAPARK/ScalaBatch/app/MainBatchApp.scala. Using presentation compiler with project's scala-library version: 3.3.7[0m
2026.04.24 20:02:08 INFO  no build target found for /home/alejo/Desktop/PDFS/SCALAPARK/ScalaBatch/app/MainBatchApp.scala. Using presentation compiler with project's scala-library version: 3.3.7[0m
2026.04.24 20:02:08 INFO  no build target found for /home/alejo/Desktop/PDFS/SCALAPARK/ScalaBatch/app/config/BatchConfig.scala. Using presentation compiler with project's scala-library version: 3.3.7[0m
2026.04.24 20:02:08 INFO  no build target found for /home/alejo/Desktop/PDFS/SCALAPARK/ScalaBatch/app/config/BatchConfig.scala. Using presentation compiler with project's scala-library version: 3.3.7[0m
2026.04.24 20:02:10 INFO  no build target found for /home/alejo/Desktop/PDFS/SCALAPARK/ScalaBatch/app/config/BatchConfig.scala. Using presentation compiler with project's scala-library version: 3.3.7[0m
2026.04.24 20:02:10 INFO  no build target found for /home/alejo/Desktop/PDFS/SCALAPARK/ScalaBatch/app/batch/DailyReportJob.scala. Using presentation compiler with project's scala-library version: 3.3.7[0m
2026.04.24 20:02:10 INFO  no build target found for /home/alejo/Desktop/PDFS/SCALAPARK/ScalaBatch/app/batch/DailyReportJob.scala. Using presentation compiler with project's scala-library version: 3.3.7[0m
Apr 24, 2026 8:02:10 PM org.eclipse.lsp4j.jsonrpc.RemoteEndpoint handleCancellation
WARNING: Unmatched cancel notification for request id 107
2026.04.24 20:02:11 INFO  no build target found for /home/alejo/Desktop/PDFS/SCALAPARK/ScalaBatch/app/batch/DailyReportJob.scala. Using presentation compiler with project's scala-library version: 3.3.7[0m
2026.04.24 20:02:44 INFO  no build target found for /home/alejo/Desktop/PDFS/SCALAPARK/ScalaBatch/app/batch/DailyReportJob.scala. Using presentation compiler with project's scala-library version: 3.3.7[0m
2026.04.24 20:02:44 INFO  no build target found for /home/alejo/Desktop/PDFS/SCALAPARK/ScalaBatch/app/batch/DailyReportJob.scala. Using presentation compiler with project's scala-library version: 3.3.7[0m
2026.04.24 20:02:44 INFO  no build target found for /home/alejo/Desktop/PDFS/SCALAPARK/ScalaBatch/app/batch/DailyReportJob.scala. Using presentation compiler with project's scala-library version: 3.3.7[0m
2026.04.24 20:02:44 INFO  no build target found for /home/alejo/Desktop/PDFS/SCALAPARK/ScalaBatch/app/batch/DailyReportJob.scala. Using presentation compiler with project's scala-library version: 3.3.7[0m
2026.04.24 20:02:45 INFO  no build target found for /home/alejo/Desktop/PDFS/SCALAPARK/ScalaBatch/app/batch/DailyReportJob.scala. Using presentation compiler with project's scala-library version: 3.3.7[0m
2026.04.24 20:02:45 INFO  no build target found for /home/alejo/Desktop/PDFS/SCALAPARK/ScalaBatch/app/batch/DailyReportJob.scala. Using presentation compiler with project's scala-library version: 3.3.7[0m
2026.04.24 20:02:45 INFO  no build target found for /home/alejo/Desktop/PDFS/SCALAPARK/ScalaBatch/app/batch/DailyReportJob.scala. Using presentation compiler with project's scala-library version: 3.3.7[0m
2026.04.24 20:02:45 INFO  no build target found for /home/alejo/Desktop/PDFS/SCALAPARK/ScalaBatch/app/batch/DailyReportJob.scala. Using presentation compiler with project's scala-library version: 3.3.7[0m
2026.04.24 20:02:45 INFO  no build target found for /home/alejo/Desktop/PDFS/SCALAPARK/ScalaBatch/app/batch/DailyReportJob.scala. Using presentation compiler with project's scala-library version: 3.3.7[0m
2026.04.24 20:02:46 INFO  no build target found for /home/alejo/Desktop/PDFS/SCALAPARK/ScalaBatch/app/batch/DailyReportJob.scala. Using presentation compiler with project's scala-library version: 3.3.7[0m
2026.04.24 20:02:46 INFO  no build target found for /home/alejo/Desktop/PDFS/SCALAPARK/ScalaBatch/app/batch/DailyReportJob.scala. Using presentation compiler with project's scala-library version: 3.3.7[0m
2026.04.24 20:02:46 WARN  no build target for: /home/alejo/Desktop/PDFS/SCALAPARK/ScalaBatch/app/batch/DailyReportJob.scala[0m
2026.04.24 20:02:51 INFO  no build target found for /home/alejo/Desktop/PDFS/SCALAPARK/ScalaBatch/app/batch/DailyReportJob.scala. Using presentation compiler with project's scala-library version: 3.3.7[0m
2026.04.24 20:02:51 INFO  no build target found for /home/alejo/Desktop/PDFS/SCALAPARK/ScalaBatch/app/batch/DailyReportJob.scala. Using presentation compiler with project's scala-library version: 3.3.7[0m
2026.04.24 20:02:53 INFO  no build target found for /home/alejo/Desktop/PDFS/SCALAPARK/ScalaBatch/app/config/BatchConfig.scala. Using presentation compiler with project's scala-library version: 3.3.7[0m
2026.04.24 20:02:53 INFO  no build target found for /home/alejo/Desktop/PDFS/SCALAPARK/ScalaBatch/app/config/BatchConfig.scala. Using presentation compiler with project's scala-library version: 3.3.7[0m
2026.04.24 20:02:53 INFO  no build target found for /home/alejo/Desktop/PDFS/SCALAPARK/ScalaBatch/app/config/BatchConfig.scala. Using presentation compiler with project's scala-library version: 3.3.7[0m
2026.04.24 20:02:53 INFO  no build target found for /home/alejo/Desktop/PDFS/SCALAPARK/ScalaBatch/app/config/KafkaConsumerClient.scala. Using presentation compiler with project's scala-library version: 3.3.7[0m
2026.04.24 20:02:53 INFO  no build target found for /home/alejo/Desktop/PDFS/SCALAPARK/ScalaBatch/app/config/KafkaConsumerClient.scala. Using presentation compiler with project's scala-library version: 3.3.7[0m
2026.04.24 20:02:56 INFO  no build target found for /home/alejo/Desktop/PDFS/SCALAPARK/ScalaBatch/app/config/KafkaConsumerClient.scala. Using presentation compiler with project's scala-library version: 3.3.7[0m
2026.04.24 20:02:56 INFO  no build target found for /home/alejo/Desktop/PDFS/SCALAPARK/ScalaBatch/app/config/KafkaJsonProducer.scala. Using presentation compiler with project's scala-library version: 3.3.7[0m
2026.04.24 20:02:56 INFO  no build target found for /home/alejo/Desktop/PDFS/SCALAPARK/ScalaBatch/app/config/KafkaJsonProducer.scala. Using presentation compiler with project's scala-library version: 3.3.7[0m
2026.04.24 20:02:57 INFO  no build target found for /home/alejo/Desktop/PDFS/SCALAPARK/ScalaBatch/app/config/KafkaJsonProducer.scala. Using presentation compiler with project's scala-library version: 3.3.7[0m
2026.04.24 20:02:57 INFO  no build target found for /home/alejo/Desktop/PDFS/SCALAPARK/ScalaBatch/app/config/KafkaConsumerClient.scala. Using presentation compiler with project's scala-library version: 3.3.7[0m
2026.04.24 20:02:57 INFO  no build target found for /home/alejo/Desktop/PDFS/SCALAPARK/ScalaBatch/app/config/KafkaConsumerClient.scala. Using presentation compiler with project's scala-library version: 3.3.7[0m
2026.04.24 20:02:59 INFO  no build target found for /home/alejo/Desktop/PDFS/SCALAPARK/ScalaBatch/app/config/KafkaConsumerClient.scala. Using presentation compiler with project's scala-library version: 3.3.7[0m
2026.04.24 20:02:59 INFO  no build target found for /home/alejo/Desktop/PDFS/SCALAPARK/ScalaBatch/app/config/BatchConfig.scala. Using presentation compiler with project's scala-library version: 3.3.7[0m
2026.04.24 20:02:59 INFO  no build target found for /home/alejo/Desktop/PDFS/SCALAPARK/ScalaBatch/app/config/BatchConfig.scala. Using presentation compiler with project's scala-library version: 3.3.7[0m
2026.04.24 20:03:03 INFO  no build target found for /home/alejo/Desktop/PDFS/SCALAPARK/ScalaBatch/app/config/BatchConfig.scala. Using presentation compiler with project's scala-library version: 3.3.7[0m
2026.04.24 20:03:03 INFO  no build target found for /home/alejo/Desktop/PDFS/SCALAPARK/ScalaBatch/app/config/BatchConfig.scala. Using presentation compiler with project's scala-library version: 3.3.7[0m
2026.04.24 20:03:05 INFO  no build target found for /home/alejo/Desktop/PDFS/SCALAPARK/ScalaBatch/app/config/BatchConfig.scala. Using presentation compiler with project's scala-library version: 3.3.7[0m
2026.04.24 20:03:05 INFO  no build target found for /home/alejo/Desktop/PDFS/SCALAPARK/ScalaBatch/app/models/BatchOrderRecord.scala. Using presentation compiler with project's scala-library version: 3.3.7[0m
2026.04.24 20:03:05 INFO  no build target found for /home/alejo/Desktop/PDFS/SCALAPARK/ScalaBatch/app/models/BatchOrderRecord.scala. Using presentation compiler with project's scala-library version: 3.3.7[0m
2026.04.24 20:03:07 INFO  no build target found for /home/alejo/Desktop/PDFS/SCALAPARK/ScalaBatch/app/models/BatchOrderRecord.scala. Using presentation compiler with project's scala-library version: 3.3.7[0m
2026.04.24 20:03:07 INFO  no build target found for /home/alejo/Desktop/PDFS/SCALAPARK/ScalaBatch/app/models/DailyReport.scala. Using presentation compiler with project's scala-library version: 3.3.7[0m
2026.04.24 20:03:07 INFO  no build target found for /home/alejo/Desktop/PDFS/SCALAPARK/ScalaBatch/app/models/DailyReport.scala. Using presentation compiler with project's scala-library version: 3.3.7[0m
2026.04.24 20:03:14 INFO  no build target found for /home/alejo/Desktop/PDFS/SCALAPARK/ScalaBatch/app/models/DailyReport.scala. Using presentation compiler with project's scala-library version: 3.3.7[0m
2026.04.24 20:03:14 INFO  no build target found for /home/alejo/Desktop/PDFS/SCALAPARK/ScalaBatch/app/models/Order.scala. Using presentation compiler with project's scala-library version: 3.3.7[0m
2026.04.24 20:03:14 INFO  no build target found for /home/alejo/Desktop/PDFS/SCALAPARK/ScalaBatch/app/models/Order.scala. Using presentation compiler with project's scala-library version: 3.3.7[0m
2026.04.24 20:03:14 INFO  no build target found for /home/alejo/Desktop/PDFS/SCALAPARK/ScalaBatch/app/models/Order.scala. Using presentation compiler with project's scala-library version: 3.3.7[0m
2026.04.24 20:03:15 INFO  no build target found for /home/alejo/Desktop/PDFS/SCALAPARK/ScalaBatch/app/models/ValidatedOrderEnvelope.scala. Using presentation compiler with project's scala-library version: 3.3.7[0m
2026.04.24 20:03:15 INFO  no build target found for /home/alejo/Desktop/PDFS/SCALAPARK/ScalaBatch/app/models/ValidatedOrderEnvelope.scala. Using presentation compiler with project's scala-library version: 3.3.7[0m
2026.04.24 20:03:17 INFO  no build target found for /home/alejo/Desktop/PDFS/SCALAPARK/ScalaBatch/app/models/ValidatedOrderEnvelope.scala. Using presentation compiler with project's scala-library version: 3.3.7[0m
2026.04.24 20:03:17 INFO  no build target found for /home/alejo/Desktop/PDFS/SCALAPARK/ScalaBatch/app/models/Order.scala. Using presentation compiler with project's scala-library version: 3.3.7[0m
2026.04.24 20:03:17 INFO  no build target found for /home/alejo/Desktop/PDFS/SCALAPARK/ScalaBatch/app/models/Order.scala. Using presentation compiler with project's scala-library version: 3.3.7[0m
2026.04.24 20:03:19 INFO  no build target found for /home/alejo/Desktop/PDFS/SCALAPARK/ScalaBatch/app/models/Order.scala. Using presentation compiler with project's scala-library version: 3.3.7[0m
2026.04.24 20:03:19 INFO  no build target found for /home/alejo/Desktop/PDFS/SCALAPARK/ScalaBatch/app/config/BatchConfig.scala. Using presentation compiler with project's scala-library version: 3.3.7[0m
2026.04.24 20:03:19 INFO  no build target found for /home/alejo/Desktop/PDFS/SCALAPARK/ScalaBatch/app/config/BatchConfig.scala. Using presentation compiler with project's scala-library version: 3.3.7[0m
2026.04.24 20:03:25 INFO  no build target found for /home/alejo/Desktop/PDFS/SCALAPARK/ScalaBatch/app/batch/DailyReportJob.scala. Using presentation compiler with project's scala-library version: 3.3.7[0m
2026.04.24 20:03:25 WARN  no build target for: /home/alejo/Desktop/PDFS/SCALAPARK/ScalaBatch/app/batch/DailyReportJob.scala[0m
2026.04.24 20:04:43 INFO  no build target found for /home/alejo/Desktop/PDFS/SCALAPARK/ScalaBatch/app/config/BatchConfig.scala. Using presentation compiler with project's scala-library version: 3.3.7[0m
Apr 24, 2026 8:36:18 PM org.eclipse.lsp4j.jsonrpc.services.GenericEndpoint notify
INFO: Unsupported notification method: $/setTrace
Apr 24, 2026 8:36:20 PM org.eclipse.lsp4j.jsonrpc.services.GenericEndpoint notify
INFO: Unsupported notification method: $/setTrace
2026.04.24 20:39:33 INFO  no build target found for /home/alejo/Desktop/PDFS/SCALAPARK/ScalaAPI/app/models/DashboardModels.scala. Using presentation compiler with project's scala-library version: 3.3.7[0m
2026.04.24 20:39:33 INFO  no build target found for /home/alejo/Desktop/PDFS/SCALAPARK/ScalaAPI/app/models/DashboardModels.scala. Using presentation compiler with project's scala-library version: 3.3.7[0m
Apr 24, 2026 8:39:33 PM org.eclipse.lsp4j.jsonrpc.RemoteEndpoint handleCancellation
WARNING: Unmatched cancel notification for request id 308
2026.04.24 20:39:35 INFO  no build target found for /home/alejo/Desktop/PDFS/SCALAPARK/ScalaAPI/app/models/DashboardModels.scala. Using presentation compiler with project's scala-library version: 3.3.7[0m
2026.04.24 20:39:38 INFO  no build target found for /home/alejo/Desktop/PDFS/SCALAPARK/ScalaAPI/app/models/DashboardModels.scala. Using presentation compiler with project's scala-library version: 3.3.7[0m
2026.04.24 20:39:38 INFO  no build target found for /home/alejo/Desktop/PDFS/SCALAPARK/ScalaAPI/app/models/DashboardModels.scala. Using presentation compiler with project's scala-library version: 3.3.7[0m
2026.04.24 20:39:38 INFO  no build target found for /home/alejo/Desktop/PDFS/SCALAPARK/ScalaAPI/app/models/DashboardModels.scala. Using presentation compiler with project's scala-library version: 3.3.7[0m
2026.04.24 20:39:38 INFO  no build target found for /home/alejo/Desktop/PDFS/SCALAPARK/ScalaAPI/app/models/DashboardModels.scala. Using presentation compiler with project's scala-library version: 3.3.7[0m
2026.04.24 20:39:38 INFO  no build target found for /home/alejo/Desktop/PDFS/SCALAPARK/ScalaAPI/app/models/DashboardModels.scala. Using presentation compiler with project's scala-library version: 3.3.7[0m
2026.04.24 20:39:38 INFO  no build target found for /home/alejo/Desktop/PDFS/SCALAPARK/ScalaAPI/app/models/DashboardModels.scala. Using presentation compiler with project's scala-library version: 3.3.7[0m
